# JRE version: Java(TM) SE Runtime Environment (15.0.1+9) (build 15.0.1+9-18)
# Java VM: Java HotSpot(TM) 64-Bit Server VM (15.0.1+9-18, mixed mode, sharing, tiered, compressed oops, g1 gc, windows-amd64)
GC Precious Log:
 CPUs: 6 total, 6 available
 Memory: 16246M
 Large Page Support: Disabled
 NUMA Support: Disabled
 Compressed Oops: Enabled (Zero based)
 Heap Region Size: 2M
 Heap Min Capacity: 8M
 Heap Initial Capacity: 254M
 Heap Max Capacity: 4062M
 Pre-touch: Disabled
 Parallel Workers: 6
 Concurrent Workers: 2
 Concurrent Refinement Workers: 6
 Periodic GC: Disabled
Heap:
 garbage-first heap   total 567296K, used 539917K [0x0000000702200000, 0x0000000800000000)
  region size 2048K, 4 young (8192K), 1 survivors (2048K)
 Metaspace       used 9028K, capacity 9181K, committed 9344K, reserved 1056768K
  class space    used 1025K, capacity 1089K, committed 1152K, reserved 1048576K
GC Heap History (20 events):
Event: 0.957 GC heap before
{Heap before GC invocations=43 (full 0):
 garbage-first heap   total 212992K, used 89335K [0x0000000702200000, 0x0000000800000000)
  region size 2048K, 4 young (8192K), 1 survivors (2048K)
 Metaspace       used 8903K, capacity 9053K, committed 9344K, reserved 1056768K
  class space    used 1024K, capacity 1089K, committed 1152K, reserved 1048576K
}
Event: 0.958 GC heap after
{Heap after GC invocations=44 (full 0):
 garbage-first heap   total 212992K, used 54521K [0x0000000702200000, 0x0000000800000000)
  region size 2048K, 1 young (2048K), 1 survivors (2048K)
 Metaspace       used 8903K, capacity 9053K, committed 9344K, reserved 1056768K
  class space    used 1024K, capacity 1089K, committed 1152K, reserved 1048576K
}
Event: 0.980 GC heap before
{Heap before GC invocations=45 (full 0):
 garbage-first heap   total 212992K, used 87289K [0x0000000702200000, 0x0000000800000000)
  region size 2048K, 3 young (6144K), 1 survivors (2048K)
 Metaspace       used 8903K, capacity 9053K, committed 9344K, reserved 1056768K
  class space    used 1024K, capacity 1089K, committed 1152K, reserved 1048576K
}
Event: 0.981 GC heap after
{Heap after GC invocations=46 (full 0):
 garbage-first heap   total 256000K, used 44279K [0x0000000702200000, 0x0000000800000000)
  region size 2048K, 1 young (2048K), 1 survivors (2048K)
 Metaspace       used 8903K, capacity 9053K, committed 9344K, reserved 1056768K
  class space    used 1024K, capacity 1089K, committed 1152K, reserved 1048576K
}
Event: 1.020 GC heap before
{Heap before GC invocations=47 (full 0):
 garbage-first heap   total 219136K, used 97527K [0x0000000702200000, 0x0000000800000000)
  region size 2048K, 3 young (6144K), 1 survivors (2048K)
 Metaspace       used 8908K, capacity 9053K, committed 9344K, reserved 1056768K
  class space    used 1024K, capacity 1089K, committed 1152K, reserved 1048576K
}
Event: 1.020 GC heap after
{Heap after GC invocations=48 (full 0):
 garbage-first heap   total 219136K, used 64764K [0x0000000702200000, 0x0000000800000000)
  region size 2048K, 1 young (2048K), 1 survivors (2048K)
 Metaspace       used 8908K, capacity 9053K, committed 9344K, reserved 1056768K
  class space    used 1024K, capacity 1089K, committed 1152K, reserved 1048576K
}
Event: 1.034 GC heap before
{Heap before GC invocations=49 (full 0):
 garbage-first heap   total 219136K, used 87292K [0x0000000702200000, 0x0000000800000000)
  region size 2048K, 3 young (6144K), 1 survivors (2048K)
 Metaspace       used 8908K, capacity 9053K, committed 9344K, reserved 1056768K
  class space    used 1024K, capacity 1089K, committed 1152K, reserved 1048576K
}
Event: 1.035 GC heap after
{Heap after GC invocations=50 (full 0):
 garbage-first heap   total 219136K, used 34044K [0x0000000702200000, 0x0000000800000000)
  region size 2048K, 1 young (2048K), 1 survivors (2048K)
 Metaspace       used 8908K, capacity 9053K, committed 9344K, reserved 1056768K
  class space    used 1024K, capacity 1089K, committed 1152K, reserved 1048576K
}
Event: 1.068 GC heap before
{Heap before GC invocations=51 (full 0):
 garbage-first heap   total 184320K, used 77052K [0x0000000702200000, 0x0000000800000000)
  region size 2048K, 3 young (6144K), 1 survivors (2048K)
 Metaspace       used 8910K, capacity 9053K, committed 9344K, reserved 1056768K
  class space    used 1024K, capacity 1089K, committed 1152K, reserved 1048576K
}
Event: 1.069 GC heap after
{Heap after GC invocations=52 (full 0):
 garbage-first heap   total 184320K, used 54524K [0x0000000702200000, 0x0000000800000000)
  region size 2048K, 1 young (2048K), 1 survivors (2048K)
 Metaspace       used 8910K, capacity 9053K, committed 9344K, reserved 1056768K
  class space    used 1024K, capacity 1089K, committed 1152K, reserved 1048576K
}
Event: 1.084 GC heap before
{Heap before GC invocations=53 (full 0):
 garbage-first heap   total 184320K, used 77052K [0x0000000702200000, 0x0000000800000000)
  region size 2048K, 3 young (6144K), 1 survivors (2048K)
 Metaspace       used 8915K, capacity 9053K, committed 9344K, reserved 1056768K
  class space    used 1024K, capacity 1089K, committed 1152K, reserved 1048576K
}
Event: 1.084 GC heap after
{Heap after GC invocations=54 (full 0):
 garbage-first heap   total 227328K, used 34052K [0x0000000702200000, 0x0000000800000000)
  region size 2048K, 1 young (2048K), 1 survivors (2048K)
 Metaspace       used 8915K, capacity 9053K, committed 9344K, reserved 1056768K
  class space    used 1024K, capacity 1089K, committed 1152K, reserved 1048576K
}
Event: 1.116 GC heap before
{Heap before GC invocations=55 (full 0):
 garbage-first heap   total 198656K, used 79108K [0x0000000702200000, 0x0000000800000000)
  region size 2048K, 4 young (8192K), 1 survivors (2048K)
 Metaspace       used 8935K, capacity 9117K, committed 9344K, reserved 1056768K
  class space    used 1024K, capacity 1089K, committed 1152K, reserved 1048576K
}
Event: 1.117 GC heap after
{Heap after GC invocations=56 (full 0):
 garbage-first heap   total 198656K, used 54532K [0x0000000702200000, 0x0000000800000000)
  region size 2048K, 1 young (2048K), 1 survivors (2048K)
 Metaspace       used 8935K, capacity 9117K, committed 9344K, reserved 1056768K
  class space    used 1024K, capacity 1089K, committed 1152K, reserved 1048576K
}
Event: 1.132 GC heap before
{Heap before GC invocations=57 (full 0):
 garbage-first heap   total 198656K, used 79108K [0x0000000702200000, 0x0000000800000000)
  region size 2048K, 4 young (8192K), 1 survivors (2048K)
 Metaspace       used 8956K, capacity 9117K, committed 9344K, reserved 1056768K
  class space    used 1024K, capacity 1089K, committed 1152K, reserved 1048576K
}
Event: 1.133 GC heap after
{Heap after GC invocations=58 (full 0):
 garbage-first heap   total 198656K, used 34055K [0x0000000702200000, 0x0000000800000000)
  region size 2048K, 1 young (2048K), 1 survivors (2048K)
 Metaspace       used 8956K, capacity 9117K, committed 9344K, reserved 1056768K
  class space    used 1024K, capacity 1089K, committed 1152K, reserved 1048576K
}
Event: 1.165 GC heap before
{Heap before GC invocations=59 (full 0):
 garbage-first heap   total 198656K, used 79111K [0x0000000702200000, 0x0000000800000000)
  region size 2048K, 4 young (8192K), 1 survivors (2048K)
 Metaspace       used 8965K, capacity 9117K, committed 9344K, reserved 1056768K
  class space    used 1024K, capacity 1089K, committed 1152K, reserved 1048576K
}
Event: 1.166 GC heap after
{Heap after GC invocations=60 (full 0):
 garbage-first heap   total 198656K, used 54535K [0x0000000702200000, 0x0000000800000000)
  region size 2048K, 1 young (2048K), 1 survivors (2048K)
 Metaspace       used 8965K, capacity 9117K, committed 9344K, reserved 1056768K
  class space    used 1024K, capacity 1089K, committed 1152K, reserved 1048576K
}
Event: 1.181 GC heap before
{Heap before GC invocations=61 (full 0):
 garbage-first heap   total 198656K, used 77063K [0x0000000702200000, 0x0000000800000000)
  region size 2048K, 3 young (6144K), 1 survivors (2048K)
 Metaspace       used 8967K, capacity 9117K, committed 9344K, reserved 1056768K
  class space    used 1024K, capacity 1089K, committed 1152K, reserved 1048576K
}
Event: 1.182 GC heap after
{Heap after GC invocations=62 (full 0):
 garbage-first heap   total 239616K, used 34061K [0x0000000702200000, 0x0000000800000000)
  region size 2048K, 1 young (2048K), 1 survivors (2048K)
 Metaspace       used 8967K, capacity 9117K, committed 9344K, reserved 1056768K
  class space    used 1024K, capacity 1089K, committed 1152K, reserved 1048576K
}

